<?xml version="1.0" encoding="UTF-8"?>
<!-- Generated by org.testng.reporters.JUnitReportReporter -->
<testsuite hostname="Saileshs-MacBook-Air.local" failures="0" tests="4" name="demoblazeAutomation.tests.LoginTest" time="33.049" errors="0" timestamp="2024-02-25T19:13:21 NPT" skipped="0">
  <testcase classname="demoblazeAutomation.tests.LoginTest" name="login" time="7.413"/>
  <testcase classname="demoblazeAutomation.tests.LoginTest" name="login" time="8.726"/>
  <testcase classname="demoblazeAutomation.tests.LoginTest" name="login" time="7.943"/>
  <testcase classname="demoblazeAutomation.tests.LoginTest" name="login" time="8.967"/>
</testsuite> <!-- demoblazeAutomation.tests.LoginTest -->
