<?xml version="1.0" encoding="UTF-8"?>
<!-- Generated by org.testng.reporters.JUnitReportReporter -->
<testsuite hostname="Saileshs-MacBook-Air.local" failures="0" tests="4" name="demoblazeAutomation.tests.LoginTest" time="26.248" errors="0" timestamp="2024-02-24T14:22:24 NPT" skipped="0">
  <testcase classname="demoblazeAutomation.tests.LoginTest" name="login" time="6.772"/>
  <testcase classname="demoblazeAutomation.tests.LoginTest" name="login" time="7.085"/>
  <testcase classname="demoblazeAutomation.tests.LoginTest" name="login" time="5.630"/>
  <testcase classname="demoblazeAutomation.tests.LoginTest" name="login" time="6.761"/>
</testsuite> <!-- demoblazeAutomation.tests.LoginTest -->
