<?xml version="1.0" encoding="UTF-8"?>
<!-- Generated by org.testng.reporters.JUnitReportReporter -->
<testsuite hostname="Saileshs-MacBook-Air.local" failures="0" tests="4" name="demoblazeAutomation.tests.LoginTest" time="29.267" errors="0" timestamp="2024-02-25T18:53:53 NPT" skipped="0">
  <testcase classname="demoblazeAutomation.tests.LoginTest" name="login" time="8.365"/>
  <testcase classname="demoblazeAutomation.tests.LoginTest" name="login" time="5.362"/>
  <testcase classname="demoblazeAutomation.tests.LoginTest" name="login" time="6.776"/>
  <testcase classname="demoblazeAutomation.tests.LoginTest" name="login" time="8.764"/>
</testsuite> <!-- demoblazeAutomation.tests.LoginTest -->
